Build started 06.10.2015 12:29:27.
     1>Project "C:\Users\Inkers\documents\visual studio 2015\Projects\Dark Castle\Dark Castle\Dark Castle.vcxproj" on node 2 (Build target(s)).
     1>ClCompile:
         C:\Program Files (x86)\Microsoft Visual Studio 14.0\VC\bin\CL.exe /c /IC:\SFML\SFML\include /ZI /nologo /W3 /WX- /sdl /Od /Oy- /D SFML_DYNAMIC /D _MBCS /D _MBCS /Gm /EHsc /RTC1 /MDd /GS /fp:precise /Zc:wchar_t /Zc:forScope /Zc:inline /Fo"Debug\\" /Fd"Debug\vc140.pdb" /Gd /TP /analyze- /errorReport:prompt main.cpp
         main.cpp
     1>c:\users\inkers\documents\visual studio 2015\projects\dark castle\dark castle\main.cpp(23): warning C4244: 'argument': conversion from 'float' to 'int', possible loss of data
     1>c:\users\inkers\documents\visual studio 2015\projects\dark castle\dark castle\main.cpp(45): warning C4244: 'initializing': conversion from 'float' to 'int', possible loss of data
     1>c:\users\inkers\documents\visual studio 2015\projects\dark castle\dark castle\main.cpp(46): warning C4244: 'initializing': conversion from 'float' to 'int', possible loss of data
     1>c:\users\inkers\documents\visual studio 2015\projects\dark castle\dark castle\main.cpp(56): warning C4244: '=': conversion from 'int' to 'float', possible loss of data
     1>c:\users\inkers\documents\visual studio 2015\projects\dark castle\dark castle\main.cpp(64): warning C4244: '=': conversion from 'int' to 'float', possible loss of data
     1>c:\users\inkers\documents\visual studio 2015\projects\dark castle\dark castle\main.cpp(92): warning C4244: 'initializing': conversion from 'sf::Int64' to 'float', possible loss of data
     1>c:\users\inkers\documents\visual studio 2015\projects\dark castle\dark castle\main.cpp(103): warning C4305: '=': truncation from 'double' to 'float'
     1>c:\users\inkers\documents\visual studio 2015\projects\dark castle\dark castle\main.cpp(104): warning C4244: '+=': conversion from 'double' to 'float', possible loss of data
     1>c:\users\inkers\documents\visual studio 2015\projects\dark castle\dark castle\main.cpp(109): warning C4305: '=': truncation from 'double' to 'float'
     1>c:\users\inkers\documents\visual studio 2015\projects\dark castle\dark castle\main.cpp(110): warning C4244: '+=': conversion from 'double' to 'float', possible loss of data
     1>c:\users\inkers\documents\visual studio 2015\projects\dark castle\dark castle\main.cpp(115): warning C4305: '=': truncation from 'double' to 'float'
     1>c:\users\inkers\documents\visual studio 2015\projects\dark castle\dark castle\main.cpp(116): warning C4244: '+=': conversion from 'double' to 'float', possible loss of data
     1>c:\users\inkers\documents\visual studio 2015\projects\dark castle\dark castle\main.cpp(121): warning C4305: '=': truncation from 'double' to 'float'
     1>c:\users\inkers\documents\visual studio 2015\projects\dark castle\dark castle\main.cpp(122): warning C4244: '+=': conversion from 'double' to 'float', possible loss of data
     1>c:\users\inkers\documents\visual studio 2015\projects\dark castle\dark castle\main.cpp(137): warning C4244: 'argument': conversion from 'int' to 'float', possible loss of data
       Link:
         C:\Program Files (x86)\Microsoft Visual Studio 14.0\VC\bin\link.exe /ERRORREPORT:PROMPT /OUT:"C:\Users\Inkers\documents\visual studio 2015\Projects\Dark Castle\Debug\Dark Castle.exe" /INCREMENTAL /NOLOGO /LIBPATH:C:\SFML\SFML\lib "sfml-graphics-d.lib" "sfml-window-d.lib" "sfml-system-d.lib" kernel32.lib user32.lib gdi32.lib winspool.lib comdlg32.lib advapi32.lib shell32.lib ole32.lib oleaut32.lib uuid.lib odbc32.lib odbccp32.lib kernel32.lib user32.lib gdi32.lib winspool.lib comdlg32.lib advapi32.lib shell32.lib ole32.lib oleaut32.lib uuid.lib odbc32.lib odbccp32.lib /MANIFEST /MANIFESTUAC:"level='asInvoker' uiAccess='false'" /manifest:embed /Debug /PDB:"C:\Users\Inkers\documents\visual studio 2015\Projects\Dark Castle\Debug\Dark Castle.pdb" /TLBID:1 /DYNAMICBASE /NXCOMPAT /IMPLIB:"C:\Users\Inkers\documents\visual studio 2015\Projects\Dark Castle\Debug\Dark Castle.lib" /MACHINE:X86 Debug\main.obj
         Dark Castle.vcxproj -> C:\Users\Inkers\documents\visual studio 2015\Projects\Dark Castle\Debug\Dark Castle.exe
     1>Done Building Project "C:\Users\Inkers\documents\visual studio 2015\Projects\Dark Castle\Dark Castle\Dark Castle.vcxproj" (Build target(s)).

Build succeeded.

Time Elapsed 00:00:00.75
