Build started 30.09.2015 21:36:23.
     1>Project "C:\Users\Inkers\documents\visual studio 2015\Projects\Dark Castle\Dark Castle\Dark Castle.vcxproj" on node 2 (Build target(s)).
     1>ClCompile:
         C:\Program Files (x86)\Microsoft Visual Studio 14.0\VC\bin\CL.exe /c /IC:\SFML\SFML\include /Zi /nologo /W3 /WX- /sdl /O2 /Oi /Oy- /GL /D _MBCS /Gm- /EHsc /MD /GS /Gy /fp:precise /Zc:wchar_t /Zc:forScope /Zc:inline /Fo"Release\\" /Fd"Release\vc140.pdb" /Gd /TP /analyze- /errorReport:prompt main.cpp
         main.cpp
     1>main.cpp(27): warning C4305: 'argument': truncation from 'double' to 'float'
     1>main.cpp(28): warning C4305: 'argument': truncation from 'double' to 'float'
     1>main.cpp(29): warning C4305: 'argument': truncation from 'double' to 'float'
     1>main.cpp(30): warning C4305: 'argument': truncation from 'double' to 'float'
       Link:
         C:\Program Files (x86)\Microsoft Visual Studio 14.0\VC\bin\link.exe /ERRORREPORT:PROMPT /OUT:"C:\Users\Inkers\documents\visual studio 2015\Projects\Dark Castle\Release\Dark Castle.exe" /NOLOGO /LIBPATH:C:\SFML\SFML\lib "sfml-graphics.lib" "sfml-window.lib" "sfml-system.lib" /MANIFEST /MANIFESTUAC:"level='asInvoker' uiAccess='false'" /manifest:embed /Debug /PDB:"C:\Users\Inkers\documents\visual studio 2015\Projects\Dark Castle\Release\Dark Castle.pdb" /OPT:REF /OPT:ICF /LTCG:incremental /TLBID:1 /DYNAMICBASE /NXCOMPAT /IMPLIB:"C:\Users\Inkers\documents\visual studio 2015\Projects\Dark Castle\Release\Dark Castle.lib" /MACHINE:X86 /SAFESEH Release\main.obj
         Generating code
         1 of 68 functions ( 1.5%) were compiled, the rest were copied from previous compilation.
           0 functions were new in current compilation
           0 functions had inline decision re-evaluated but remain unchanged
         Finished generating code
         Dark Castle.vcxproj -> C:\Users\Inkers\documents\visual studio 2015\Projects\Dark Castle\Release\Dark Castle.exe
     1>Done Building Project "C:\Users\Inkers\documents\visual studio 2015\Projects\Dark Castle\Dark Castle\Dark Castle.vcxproj" (Build target(s)).

Build succeeded.

Time Elapsed 00:00:00.79
